<?xml version="1.0" encoding="UTF-8"?>
<!--
  ~ Copyright 2013 EnergyOS.org
  ~
  ~    Licensed under the Apache License, Version 2.0 (the "License");
  ~    you may not use this file except in compliance with the License.
  ~    You may obtain a copy of the License at
  ~
  ~        http://www.apache.org/licenses/LICENSE-2.0
  ~
  ~    Unless required by applicable law or agreed to in writing, software
  ~    distributed under the License is distributed on an "AS IS" BASIS,
  ~    WITHOUT WARRANTIES OR CONDITIONS OF ANY KIND, either express or implied.
  ~    See the License for the specific language governing permissions and
  ~    limitations under the License.
  -->

<beans xmlns="http://www.springframework.org/schema/beans"
       xmlns:xsi="http://www.w3.org/2001/XMLSchema-instance"
       xmlns:context="http://www.springframework.org/schema/context"
       xsi:schemaLocation="http://www.springframework.org/schema/beans http://www.springframework.org/schema/beans/spring-beans-3.0.xsd

                      http://www.springframework.org/schema/context http://www.springframework.org/schema/context/spring-context-3.0.xsd">

    <context:component-scan base-package="org.energyos.espi.thirdparty"/>

    <bean class="org.springframework.web.servlet.view.InternalResourceViewResolver">
        <property name="prefix" value="/WEB-INF/pages/"/>
        <property name="suffix" value=".jsp"/>
    </bean>

    <bean id="restTemplate" name="restTemplate" class="org.energyos.espi.thirdparty.mocks.MockRestTemplate" autowire-candidate="true"/>

    <bean id="API_FEED_URL" class="java.lang.String">
        <constructor-arg value="http://localhost:8080/DataCustodian/api/feed"/>
    </bean>

    <bean id="jaxb2Marshaller" class="org.springframework.oxm.jaxb.Jaxb2Marshaller">
        <property name="packagesToScan">
            <list>
                <value>org.energyos.espi.thirdparty.models.atom</value>
                <value>org.energyos.espi.thirdparty.domain</value>
            </list>
        </property>
    </bean>

    <import resource="classpath:spring/persistence-config.xml"/>

    <bean id="repositoryTemplate" name="mockTemplate" class="org.energyos.espi.thirdparty.mocks.MockRestTemplate" autowire-candidate="true"/>

    <bean id="usagePointRepositoryImpl" class="org.energyos.espi.thirdparty.repository.impl.UsagePointRepositoryImpl">
        <property name="template" ref="mockTemplate"/>
    </bean>
</beans>
